#
# A fatal error has been detected by the Java Runtime Environment:
#
#  Internal Error (javaCalls.cpp:51), pid=14692, tid=0x00000000000021c8
#  guarantee(thread->is_Java_thread()) failed: crucial check - the VM thread cannot and must not escape to Java code
#
# JRE version: Java(TM) SE Runtime Environment (8.0_181-b13) (build 1.8.0_181-b13)
# Java VM: Java HotSpot(TM) 64-Bit Server VM (25.181-b13 mixed mode windows-amd64 compressed oops)
# Failed to write core dump. Minidumps are not enabled by default on client versions of Windows
#
# If you would like to submit a bug report, please visit:
#   http://bugreport.java.com/bugreport/crash.jsp
#

---------------  T H R E A D  ---------------

Current thread (0x0000000019578800):  VMThread [stack: 0x000000001a630000,0x000000001a730000] [id=8648]

Stack: [0x000000001a630000,0x000000001a730000]
[error occurred during error reporting (printing stack bounds), id 0xc0000005]

Native frames: (J=compiled Java code, j=interpreted, Vv=VM code, C=native code)

VM_Operation (0x000000001b02f310): GetOrSetLocal, mode: safepoint, requested by thread 0x000000001aa3b000


---------------  P R O C E S S  ---------------

Java Threads: ( => current thread )
  0x0000000023663000 JavaThread "DestroyJavaVM" [_thread_blocked, id=11776, stack(0x00000000047b0000,0x00000000048b0000)]
  0x0000000023661000 JavaThread "http-nio-8081-AsyncTimeout" daemon [_thread_blocked, id=1740, stack(0x0000000028e70000,0x0000000028f70000)]
  0x000000002365a000 JavaThread "http-nio-8081-Acceptor-0" daemon [_thread_in_native, id=3552, stack(0x0000000028d70000,0x0000000028e70000)]
  0x0000000023659800 JavaThread "http-nio-8081-ClientPoller-1" daemon [_thread_in_native, id=17952, stack(0x0000000028c70000,0x0000000028d70000)]
  0x0000000023660000 JavaThread "http-nio-8081-ClientPoller-0" daemon [_thread_in_native, id=16028, stack(0x0000000028b70000,0x0000000028c70000)]
  0x0000000023658800 JavaThread "http-nio-8081-exec-10" daemon [_thread_blocked, id=5040, stack(0x0000000028a70000,0x0000000028b70000)]
  0x000000002365c800 JavaThread "http-nio-8081-exec-9" daemon [_thread_blocked, id=16708, stack(0x0000000028970000,0x0000000028a70000)]
  0x000000002365f800 JavaThread "http-nio-8081-exec-8" daemon [_thread_blocked, id=6268, stack(0x0000000028870000,0x0000000028970000)]
  0x000000002365d000 JavaThread "http-nio-8081-exec-7" daemon [_thread_blocked, id=3380, stack(0x0000000028770000,0x0000000028870000)]
  0x0000000023658000 JavaThread "http-nio-8081-exec-6" daemon [_thread_blocked, id=17056, stack(0x0000000028670000,0x0000000028770000)]
  0x000000002365e800 JavaThread "http-nio-8081-exec-5" daemon [_thread_blocked, id=15740, stack(0x0000000028570000,0x0000000028670000)]
  0x000000002365e000 JavaThread "http-nio-8081-exec-4" daemon [_thread_blocked, id=5908, stack(0x0000000028470000,0x0000000028570000)]
  0x000000002365b000 JavaThread "http-nio-8081-exec-3" daemon [_thread_blocked, id=17252, stack(0x0000000028370000,0x0000000028470000)]
  0x0000000023655800 JavaThread "http-nio-8081-exec-2" daemon [_thread_blocked, id=15108, stack(0x0000000028270000,0x0000000028370000)]
  0x000000002365b800 JavaThread "http-nio-8081-exec-1" daemon [_thread_blocked, id=13096, stack(0x0000000028170000,0x0000000028270000)]
  0x0000000023657000 JavaThread "NioBlockingSelector.BlockPoller-1" daemon [_thread_in_native, id=15220, stack(0x0000000025d40000,0x0000000025e40000)]
  0x0000000020188000 JavaThread "Tomcat JDBC Pool Cleaner[414493378:1587609416539]" daemon [_thread_blocked, id=13824, stack(0x0000000022db0000,0x0000000022eb0000)]
  0x0000000020187000 JavaThread "container-0" [_thread_blocked, id=13552, stack(0x0000000022ab0000,0x0000000022bb0000)]
  0x0000000020186800 JavaThread "ContainerBackgroundProcessor[StandardEngine[Tomcat]]" daemon [_thread_blocked, id=1584, stack(0x00000000229b0000,0x0000000022ab0000)]
  0x000000001ba83800 JavaThread "RMI TCP Accept-0" daemon [_thread_in_native, id=18064, stack(0x000000001c030000,0x000000001c130000)]
  0x000000001ba03800 JavaThread "RMI TCP Accept-10871" daemon [_thread_in_native, id=12660, stack(0x000000001bf30000,0x000000001c030000)]
  0x000000001ba01000 JavaThread "RMI TCP Accept-0" daemon [_thread_in_native, id=17536, stack(0x000000001be30000,0x000000001bf30000)]
  0x000000001aad2000 JavaThread "Service Thread" daemon [_thread_blocked, id=5436, stack(0x000000001b530000,0x000000001b630000)]
  0x000000001aab8000 JavaThread "C1 CompilerThread2" daemon [_thread_blocked, id=15600, stack(0x000000001b430000,0x000000001b530000)]
  0x000000001aa9b000 JavaThread "C2 CompilerThread1" daemon [_thread_blocked, id=6184, stack(0x000000001b330000,0x000000001b430000)]
  0x000000001aa59800 JavaThread "C2 CompilerThread0" daemon [_thread_blocked, id=17088, stack(0x000000001b230000,0x000000001b330000)]
  0x000000001aa4b800 JavaThread "JDWP Command Reader" daemon [_thread_in_native, id=14972, stack(0x000000001b130000,0x000000001b230000)]
  0x000000001aa48000 JavaThread "JDWP Event Helper Thread" daemon [_thread_blocked, id=17032, stack(0x000000001b030000,0x000000001b130000)]
  0x000000001aa3b000 JavaThread "JDWP Transport Listener: dt_socket" daemon [_thread_blocked, id=16496, stack(0x000000001af30000,0x000000001b030000)]
  0x000000001aa30800 JavaThread "Attach Listener" daemon [_thread_blocked, id=17288, stack(0x000000001ae30000,0x000000001af30000)]
  0x000000001960e000 JavaThread "Signal Dispatcher" daemon [_thread_blocked, id=4276, stack(0x000000001a930000,0x000000001aa30000)]
  0x00000000195a0000 JavaThread "Finalizer" daemon [_thread_blocked, id=1684, stack(0x000000001a830000,0x000000001a930000)]
  0x0000000004a74800 JavaThread "Reference Handler" daemon [_thread_blocked, id=9640, stack(0x000000001a730000,0x000000001a830000)]

Other Threads:
=>0x0000000019578800 VMThread [stack: 0x000000001a630000,0x000000001a730000] [id=8648]
  0x000000001ba0f800 WatcherThread [stack: 0x000000001c130000,0x000000001c230000] [id=13576]

VM state:at safepoint (normal execution)

VM Mutex/Monitor currently owned by a thread:  ([mutex/lock_event])
[0x00000000049823d0] Threads_lock - owner thread: 0x0000000019578800

Heap:
 PSYoungGen      total 292864K, used 26269K [0x00000000d5f00000, 0x00000000ee880000, 0x0000000100000000)
  eden space 272896K, 9% used [0x00000000d5f00000,0x00000000d78a76e0,0x00000000e6980000)
  from space 19968K, 0% used [0x00000000e6980000,0x00000000e6980000,0x00000000e7d00000)
  to   space 19456K, 0% used [0x00000000ed580000,0x00000000ed580000,0x00000000ee880000)
 ParOldGen       total 107520K, used 33421K [0x0000000081c00000, 0x0000000088500000, 0x00000000d5f00000)
  object space 107520K, 31% used [0x0000000081c00000,0x0000000083ca3768,0x0000000088500000)
 Metaspace       used 59373K, capacity 59992K, committed 60504K, reserved 1101824K
  class space    used 7330K, capacity 7463K, committed 7552K, reserved 1048576K

Card table byte_map: [0x0000000013e40000,0x0000000014240000] byte_map_base: 0x0000000013a32000

Marking Bits: (ParMarkBitMap*) 0x000000006b3d2d00
 Begin Bits: [0x00000000148f0000, 0x0000000016880000)
 End Bits:   [0x0000000016880000, 0x0000000018810000)

Polling page: 0x0000000002880000

CodeCache: size=245760Kb used=21812Kb max_used=21980Kb free=223947Kb
 bounds [0x0000000004a80000, 0x0000000006070000, 0x0000000013a80000]
 total_blobs=6384 nmethods=5603 adapters=700
 compilation: enabled

Compilation events (10 events):
Event: 202.768 Thread 0x000000001aab8000 6699       3       org.apache.tomcat.util.net.NioBlockingSelector$BlockPoller::events (54 bytes)
Event: 202.769 Thread 0x000000001aab8000 nmethod 6699 0x000000000562b910 code [0x000000000562bac0, 0x000000000562c218]
Event: 228.626 Thread 0x000000001aab8000 6700       3       java.util.concurrent.ConcurrentHashMap$ValueIterator::next (34 bytes)
Event: 228.626 Thread 0x000000001aab8000 nmethod 6700 0x00000000055a9c50 code [0x00000000055a9de0, 0x00000000055aa118]
Event: 258.032 Thread 0x000000001aab8000 6702       3       java.util.Collections$SetFromMap::iterator (10 bytes)
Event: 258.033 Thread 0x000000001aab8000 nmethod 6702 0x0000000004e9f4d0 code [0x0000000004e9f640, 0x0000000004e9f868]
Event: 258.627 Thread 0x000000001aa59800 6703       4       java.lang.String::equals (81 bytes)
Event: 258.630 Thread 0x000000001aa59800 nmethod 6703 0x000000000507bbd0 code [0x000000000507bd20, 0x000000000507bfd8]
Event: 268.628 Thread 0x000000001aab8000 6704       1       org.apache.catalina.core.ContainerBase::getBackgroundProcessorDelay (5 bytes)
Event: 268.628 Thread 0x000000001aab8000 nmethod 6704 0x00000000056e8c10 code [0x00000000056e8d60, 0x00000000056e8e70]

GC Heap History (10 events):
Event: 9.616 GC heap before
{Heap before GC invocations=10 (full 2):
 PSYoungGen      total 210944K, used 11221K [0x00000000d5f00000, 0x00000000e3b80000, 0x0000000100000000)
  eden space 198656K, 0% used [0x00000000d5f00000,0x00000000d5f00000,0x00000000e2100000)
  from space 12288K, 91% used [0x00000000e2e00000,0x00000000e38f55f8,0x00000000e3a00000)
  to   space 13312K, 0% used [0x00000000e2100000,0x00000000e2100000,0x00000000e2e00000)
 ParOldGen       total 49664K, used 11115K [0x0000000081c00000, 0x0000000084c80000, 0x00000000d5f00000)
  object space 49664K, 22% used [0x0000000081c00000,0x00000000826dadb0,0x0000000084c80000)
 Metaspace       used 34819K, capacity 35144K, committed 35456K, reserved 1081344K
  class space    used 4262K, capacity 4367K, committed 4480K, reserved 1048576K
Event: 9.698 GC heap after
Heap after GC invocations=10 (full 2):
 PSYoungGen      total 210944K, used 0K [0x00000000d5f00000, 0x00000000e3b80000, 0x0000000100000000)
  eden space 198656K, 0% used [0x00000000d5f00000,0x00000000d5f00000,0x00000000e2100000)
  from space 12288K, 0% used [0x00000000e2e00000,0x00000000e2e00000,0x00000000e3a00000)
  to   space 13312K, 0% used [0x00000000e2100000,0x00000000e2100000,0x00000000e2e00000)
 ParOldGen       total 72192K, used 16904K [0x0000000081c00000, 0x0000000086280000, 0x00000000d5f00000)
  object space 72192K, 23% used [0x0000000081c00000,0x0000000082c823f8,0x0000000086280000)
 Metaspace       used 34819K, capacity 35144K, committed 35456K, reserved 1081344K
  class space    used 4262K, capacity 4367K, committed 4480K, reserved 1048576K
}
Event: 15.574 GC heap before
{Heap before GC invocations=11 (full 2):
 PSYoungGen      total 210944K, used 198656K [0x00000000d5f00000, 0x00000000e3b80000, 0x0000000100000000)
  eden space 198656K, 100% used [0x00000000d5f00000,0x00000000e2100000,0x00000000e2100000)
  from space 12288K, 0% used [0x00000000e2e00000,0x00000000e2e00000,0x00000000e3a00000)
  to   space 13312K, 0% used [0x00000000e2100000,0x00000000e2100000,0x00000000e2e00000)
 ParOldGen       total 72192K, used 16904K [0x0000000081c00000, 0x0000000086280000, 0x00000000d5f00000)
  object space 72192K, 23% used [0x0000000081c00000,0x0000000082c823f8,0x0000000086280000)
 Metaspace       used 47388K, capacity 47794K, committed 48384K, reserved 1091584K
  class space    used 5983K, capacity 6086K, committed 6144K, reserved 1048576K
Event: 15.610 GC heap after
Heap after GC invocations=11 (full 2):
 PSYoungGen      total 211968K, used 13309K [0x00000000d5f00000, 0x00000000e9000000, 0x0000000100000000)
  eden space 198656K, 0% used [0x00000000d5f00000,0x00000000d5f00000,0x00000000e2100000)
  from space 13312K, 99% used [0x00000000e2100000,0x00000000e2dff760,0x00000000e2e00000)
  to   space 16896K, 0% used [0x00000000e7f80000,0x00000000e7f80000,0x00000000e9000000)
 ParOldGen       total 72192K, used 21258K [0x0000000081c00000, 0x0000000086280000, 0x00000000d5f00000)
  object space 72192K, 29% used [0x0000000081c00000,0x00000000830c2830,0x0000000086280000)
 Metaspace       used 47388K, capacity 47794K, committed 48384K, reserved 1091584K
  class space    used 5983K, capacity 6086K, committed 6144K, reserved 1048576K
}
Event: 20.658 GC heap before
{Heap before GC invocations=12 (full 2):
 PSYoungGen      total 211968K, used 211965K [0x00000000d5f00000, 0x00000000e9000000, 0x0000000100000000)
  eden space 198656K, 100% used [0x00000000d5f00000,0x00000000e2100000,0x00000000e2100000)
  from space 13312K, 99% used [0x00000000e2100000,0x00000000e2dff760,0x00000000e2e00000)
  to   space 16896K, 0% used [0x00000000e7f80000,0x00000000e7f80000,0x00000000e9000000)
 ParOldGen       total 72192K, used 21258K [0x0000000081c00000, 0x0000000086280000, 0x00000000d5f00000)
  object space 72192K, 29% used [0x0000000081c00000,0x00000000830c2830,0x0000000086280000)
 Metaspace       used 54007K, capacity 54572K, committed 55040K, reserved 1097728K
  class space    used 6730K, capacity 6869K, committed 6912K, reserved 1048576K
Event: 20.691 GC heap after
Heap after GC invocations=12 (full 2):
 PSYoungGen      total 289792K, used 16872K [0x00000000d5f00000, 0x00000000e9080000, 0x0000000100000000)
  eden space 272896K, 0% used [0x00000000d5f00000,0x00000000d5f00000,0x00000000e6980000)
  from space 16896K, 99% used [0x00000000e7f80000,0x00000000e8ffa3a8,0x00000000e9000000)
  to   space 19968K, 0% used [0x00000000e6980000,0x00000000e6980000,0x00000000e7d00000)
 ParOldGen       total 72192K, used 23919K [0x0000000081c00000, 0x0000000086280000, 0x00000000d5f00000)
  object space 72192K, 33% used [0x0000000081c00000,0x000000008335bef0,0x0000000086280000)
 Metaspace       used 54007K, capacity 54572K, committed 55040K, reserved 1097728K
  class space    used 6730K, capacity 6869K, committed 6912K, reserved 1048576K
}
Event: 33.426 GC heap before
{Heap before GC invocations=13 (full 2):
 PSYoungGen      total 289792K, used 78091K [0x00000000d5f00000, 0x00000000e9080000, 0x0000000100000000)
  eden space 272896K, 22% used [0x00000000d5f00000,0x00000000d9ac8a20,0x00000000e6980000)
  from space 16896K, 99% used [0x00000000e7f80000,0x00000000e8ffa3a8,0x00000000e9000000)
  to   space 19968K, 0% used [0x00000000e6980000,0x00000000e6980000,0x00000000e7d00000)
 ParOldGen       total 72192K, used 23919K [0x0000000081c00000, 0x0000000086280000, 0x00000000d5f00000)
  object space 72192K, 33% used [0x0000000081c00000,0x000000008335bef0,0x0000000086280000)
 Metaspace       used 58002K, capacity 58604K, committed 59096K, reserved 1101824K
  class space    used 7218K, capacity 7365K, committed 7424K, reserved 1048576K
Event: 33.448 GC heap after
Heap after GC invocations=13 (full 2):
 PSYoungGen      total 292864K, used 7484K [0x00000000d5f00000, 0x00000000ee880000, 0x0000000100000000)
  eden space 272896K, 0% used [0x00000000d5f00000,0x00000000d5f00000,0x00000000e6980000)
  from space 19968K, 37% used [0x00000000e6980000,0x00000000e70cf2b8,0x00000000e7d00000)
  to   space 19456K, 0% used [0x00000000ed580000,0x00000000ed580000,0x00000000ee880000)
 ParOldGen       total 72192K, used 39603K [0x0000000081c00000, 0x0000000086280000, 0x00000000d5f00000)
  object space 72192K, 54% used [0x0000000081c00000,0x00000000842acd78,0x0000000086280000)
 Metaspace       used 58002K, capacity 58604K, committed 59096K, reserved 1101824K
  class space    used 7218K, capacity 7365K, committed 7424K, reserved 1048576K
}
Event: 33.448 GC heap before
{Heap before GC invocations=14 (full 3):
 PSYoungGen      total 292864K, used 7484K [0x00000000d5f00000, 0x00000000ee880000, 0x0000000100000000)
  eden space 272896K, 0% used [0x00000000d5f00000,0x00000000d5f00000,0x00000000e6980000)
  from space 19968K, 37% used [0x00000000e6980000,0x00000000e70cf2b8,0x00000000e7d00000)
  to   space 19456K, 0% used [0x00000000ed580000,0x00000000ed580000,0x00000000ee880000)
 ParOldGen       total 72192K, used 39603K [0x0000000081c00000, 0x0000000086280000, 0x00000000d5f00000)
  object space 72192K, 54% used [0x0000000081c00000,0x00000000842acd78,0x0000000086280000)
 Metaspace       used 58002K, capacity 58604K, committed 59096K, reserved 1101824K
  class space    used 7218K, capacity 7365K, committed 7424K, reserved 1048576K
Event: 33.705 GC heap after
Heap after GC invocations=14 (full 3):
 PSYoungGen      total 292864K, used 0K [0x00000000d5f00000, 0x00000000ee880000, 0x0000000100000000)
  eden space 272896K, 0% used [0x00000000d5f00000,0x00000000d5f00000,0x00000000e6980000)
  from space 19968K, 0% used [0x00000000e6980000,0x00000000e6980000,0x00000000e7d00000)
  to   space 19456K, 0% used [0x00000000ed580000,0x00000000ed580000,0x00000000ee880000)
 ParOldGen       total 107520K, used 33421K [0x0000000081c00000, 0x0000000088500000, 0x00000000d5f00000)
  object space 107520K, 31% used [0x0000000081c00000,0x0000000083ca3768,0x0000000088500000)
 Metaspace       used 58002K, capacity 58604K, committed 59096K, reserved 1101824K
  class space    used 7218K, capacity 7365K, committed 7424K, reserved 1048576K
}

Deoptimization events (10 events):
Event: 34.006 Thread 0x0000000023655800 Uncommon trap: reason=unhandled action=none pc=0x000000000527ffd4 method=java.net.URLClassLoader.findClass(Ljava/lang/String;)Ljava/lang/Class; @ 44
Event: 34.006 Thread 0x0000000023655800 Uncommon trap: reason=unhandled action=none pc=0x000000000527ffd4 method=java.net.URLClassLoader.findClass(Ljava/lang/String;)Ljava/lang/Class; @ 44
Event: 34.007 Thread 0x0000000023655800 Uncommon trap: reason=unhandled action=none pc=0x000000000527ffd4 method=java.net.URLClassLoader.findClass(Ljava/lang/String;)Ljava/lang/Class; @ 44
Event: 34.007 Thread 0x0000000023655800 Uncommon trap: reason=unhandled action=none pc=0x000000000527ffd4 method=java.net.URLClassLoader.findClass(Ljava/lang/String;)Ljava/lang/Class; @ 44
Event: 34.010 Thread 0x0000000023655800 Uncommon trap: reason=unhandled action=none pc=0x000000000527ffd4 method=java.net.URLClassLoader.findClass(Ljava/lang/String;)Ljava/lang/Class; @ 44
Event: 34.017 Thread 0x0000000023655800 Uncommon trap: reason=unhandled action=none pc=0x000000000527ffd4 method=java.net.URLClassLoader.findClass(Ljava/lang/String;)Ljava/lang/Class; @ 44
Event: 41.095 Thread 0x0000000023655800 Uncommon trap: reason=class_check action=maybe_recompile pc=0x0000000004c2ea8c method=java.lang.String.equals(Ljava/lang/Object;)Z @ 8
Event: 41.095 Thread 0x0000000023655800 Uncommon trap: reason=class_check action=maybe_recompile pc=0x0000000004c2ea8c method=java.lang.String.equals(Ljava/lang/Object;)Z @ 8
Event: 41.095 Thread 0x0000000023655800 Uncommon trap: reason=class_check action=maybe_recompile pc=0x0000000004c2ea8c method=java.lang.String.equals(Ljava/lang/Object;)Z @ 8
Event: 256.786 Thread 0x0000000023655800 Uncommon trap: reason=class_check action=maybe_recompile pc=0x0000000004c2ea8c method=java.lang.String.equals(Ljava/lang/Object;)Z @ 8

Classes redefined (4 events):
Event: 55.789 Thread 0x0000000019578800 redefined class name=com.beifen.edu.administration.controller.AdministrationController, count=1
Event: 76.999 Thread 0x0000000019578800 redefined class name=com.beifen.edu.administration.controller.AdministrationController, count=2
Event: 80.151 Thread 0x0000000019578800 redefined class name=com.beifen.edu.administration.controller.AdministrationController, count=3
Event: 268.191 Thread 0x0000000019578800 redefined class name=com.beifen.edu.administration.controller.AdministrationController, count=4

Internal exceptions (10 events):
Event: 22.008 Thread 0x0000000023658000 Exception <a 'java/io/FileNotFoundException'> (0x00000000d7f6cdb8) thrown at [C:\re\workspace\8-2-build-windows-amd64-cygwin\jdk8u181\11358\hotspot\src\share\vm\prims\jni.cpp, line 709]
Event: 22.082 Thread 0x0000000023658000 Exception <a 'java/lang/ArrayIndexOutOfBoundsException': 92> (0x00000000d8300db0) thrown at [C:\re\workspace\8-2-build-windows-amd64-cygwin\jdk8u181\11358\hotspot\src\share\vm\interpreter\interpreterRuntime.cpp, line 366]
Event: 22.082 Thread 0x0000000023658000 Exception <a 'java/lang/ArrayIndexOutOfBoundsException': 139> (0x00000000d8302c38) thrown at [C:\re\workspace\8-2-build-windows-amd64-cygwin\jdk8u181\11358\hotspot\src\share\vm\interpreter\interpreterRuntime.cpp, line 366]
Event: 22.084 Thread 0x0000000023658000 Exception <a 'java/lang/ArrayIndexOutOfBoundsException': 78> (0x00000000d830db30) thrown at [C:\re\workspace\8-2-build-windows-amd64-cygwin\jdk8u181\11358\hotspot\src\share\vm\interpreter\interpreterRuntime.cpp, line 366]
Event: 22.087 Thread 0x0000000023658000 Exception <a 'java/lang/ArrayIndexOutOfBoundsException': 139> (0x00000000d830f698) thrown at [C:\re\workspace\8-2-build-windows-amd64-cygwin\jdk8u181\11358\hotspot\src\share\vm\interpreter\interpreterRuntime.cpp, line 366]
Event: 22.089 Thread 0x0000000023658000 Exception <a 'java/lang/ArrayIndexOutOfBoundsException': 83> (0x00000000d83196d8) thrown at [C:\re\workspace\8-2-build-windows-amd64-cygwin\jdk8u181\11358\hotspot\src\share\vm\interpreter\interpreterRuntime.cpp, line 366]
Event: 22.126 Thread 0x0000000023658000 Exception <a 'java/lang/ArrayIndexOutOfBoundsException': 101> (0x00000000d8436f78) thrown at [C:\re\workspace\8-2-build-windows-amd64-cygwin\jdk8u181\11358\hotspot\src\share\vm\interpreter\interpreterRuntime.cpp, line 366]
Event: 22.165 Thread 0x0000000023658000 Exception <a 'java/lang/ArrayIndexOutOfBoundsException': 149> (0x00000000d8516280) thrown at [C:\re\workspace\8-2-build-windows-amd64-cygwin\jdk8u181\11358\hotspot\src\share\vm\interpreter\interpreterRuntime.cpp, line 366]
Event: 23.730 Thread 0x0000000023655800 Exception <a 'java/lang/ArrayIndexOutOfBoundsException': 183> (0x00000000d8e0b1b0) thrown at [C:\re\workspace\8-2-build-windows-amd64-cygwin\jdk8u181\11358\hotspot\src\share\vm\interpreter\interpreterRuntime.cpp, line 366]
Event: 23.950 Thread 0x0000000023655800 Exception <a 'java/lang/ArrayIndexOutOfBoundsException': 67> (0x00000000d9219dc0) thrown at [C:\re\workspace\8-2-build-windows-amd64-cygwin\jdk8u181\11358\hotspot\src\share\vm\interpreter\interpreterRuntime.cpp, line 366]

Events (10 events):
Event: 268.518 Executing VM operation: ChangeBreakpoints
Event: 268.523 Executing VM operation: ChangeBreakpoints done
Event: 268.529 Executing VM operation: GetOwnedMonitorInfo
Event: 268.529 Executing VM operation: GetOwnedMonitorInfo done
Event: 268.529 Executing VM operation: GetCurrentContendedMonitor
Event: 268.529 Executing VM operation: GetCurrentContendedMonitor done
Event: 268.628 Thread 0x000000001aab8000 flushing nmethod 0x0000000004be3290
Event: 268.628 Thread 0x000000001aab8000 flushing nmethod 0x0000000004c17490
Event: 268.628 Thread 0x000000001aab8000 flushing nmethod 0x0000000004c23710
Event: 268.715 Executing VM operation: GetOrSetLocal


Dynamic libraries:
0x00007ff7085a0000 - 0x00007ff7085d7000 	E:\java1.8\bin\javaw.exe
0x00007ffe85120000 - 0x00007ffe85300000 	C:\Windows\SYSTEM32\ntdll.dll
0x00007ffe849b0000 - 0x00007ffe84a5e000 	C:\Windows\System32\KERNEL32.DLL
0x00007ffe81cc0000 - 0x00007ffe81f26000 	C:\Windows\System32\KERNELBASE.dll
0x00007ffe84a60000 - 0x00007ffe84b01000 	C:\Windows\System32\ADVAPI32.dll
0x00007ffe85050000 - 0x00007ffe850ed000 	C:\Windows\System32\msvcrt.dll
0x00007ffe84b10000 - 0x00007ffe84b6b000 	C:\Windows\System32\sechost.dll
0x00007ffe82d70000 - 0x00007ffe82e8f000 	C:\Windows\System32\RPCRT4.dll
0x00007ffe84e20000 - 0x00007ffe84faf000 	C:\Windows\System32\USER32.dll
0x00007ffe82180000 - 0x00007ffe821a0000 	C:\Windows\System32\win32u.dll
0x00007ffe85020000 - 0x00007ffe85048000 	C:\Windows\System32\GDI32.dll
0x00007ffe82450000 - 0x00007ffe825e3000 	C:\Windows\System32\gdi32full.dll
0x00007ffe820e0000 - 0x00007ffe8217b000 	C:\Windows\System32\msvcp_win.dll
0x00007ffe81f30000 - 0x00007ffe82024000 	C:\Windows\System32\ucrtbase.dll
0x00007ffe71b00000 - 0x00007ffe71d69000 	C:\Windows\WinSxS\amd64_microsoft.windows.common-controls_6595b64144ccf1df_6.0.16299.1747_none_0f8c72925a692692\COMCTL32.dll
0x00007ffe82eb0000 - 0x00007ffe831b6000 	C:\Windows\System32\combase.dll
0x00007ffe821a0000 - 0x00007ffe82218000 	C:\Windows\System32\bcryptPrimitives.dll
0x00007ffe84770000 - 0x00007ffe8479d000 	C:\Windows\System32\IMM32.DLL
0x000000006b9f0000 - 0x000000006bac2000 	E:\java1.8\bin\msvcr100.dll
0x000000006abb0000 - 0x000000006b452000 	E:\java1.8\bin\server\jvm.dll
0x00007ffe82ea0000 - 0x00007ffe82ea8000 	C:\Windows\System32\PSAPI.DLL
0x00007ffe6df10000 - 0x00007ffe6df19000 	C:\Windows\SYSTEM32\WSOCK32.dll
0x00007ffe84fb0000 - 0x00007ffe8501c000 	C:\Windows\System32\WS2_32.dll
0x00007ffe7f7c0000 - 0x00007ffe7f7e3000 	C:\Windows\SYSTEM32\WINMM.dll
0x00007ffe7cd40000 - 0x00007ffe7cd4a000 	C:\Windows\SYSTEM32\VERSION.dll
0x00007ffe7f760000 - 0x00007ffe7f78a000 	C:\Windows\SYSTEM32\WINMMBASE.dll
0x00007ffe81520000 - 0x00007ffe8156a000 	C:\Windows\System32\cfgmgr32.dll
0x000000006aac0000 - 0x000000006aacf000 	E:\java1.8\bin\verify.dll
0x000000006aa90000 - 0x000000006aab9000 	E:\java1.8\bin\java.dll
0x000000006b9b0000 - 0x000000006b9e5000 	E:\java1.8\bin\jdwp.dll
0x000000006b9a0000 - 0x000000006b9a8000 	E:\java1.8\bin\npt.dll
0x000000006aa70000 - 0x000000006aa86000 	E:\java1.8\bin\zip.dll
0x00007ffe83220000 - 0x00007ffe8465d000 	C:\Windows\System32\SHELL32.dll
0x00007ffe82650000 - 0x00007ffe826f6000 	C:\Windows\System32\shcore.dll
0x00007ffe81570000 - 0x00007ffe81cba000 	C:\Windows\System32\windows.storage.dll
0x00007ffe84ce0000 - 0x00007ffe84d31000 	C:\Windows\System32\shlwapi.dll
0x00007ffe81500000 - 0x00007ffe81511000 	C:\Windows\System32\kernel.appcore.dll
0x00007ffe81490000 - 0x00007ffe814dc000 	C:\Windows\System32\powrprof.dll
0x00007ffe81470000 - 0x00007ffe8148b000 	C:\Windows\System32\profapi.dll
0x000000006b990000 - 0x000000006b999000 	E:\java1.8\bin\dt_socket.dll
0x00007ffe67380000 - 0x00007ffe67396000 	C:\Windows\system32\napinsp.dll
0x00007ffe67360000 - 0x00007ffe6737a000 	C:\Windows\system32\pnrpnsp.dll
0x00007ffe7e0a0000 - 0x00007ffe7e0b8000 	C:\Windows\system32\NLAapi.dll
0x00007ffe80c70000 - 0x00007ffe80cd6000 	C:\Windows\System32\mswsock.dll
0x00007ffe80a00000 - 0x00007ffe80ab7000 	C:\Windows\SYSTEM32\DNSAPI.dll
0x00007ffe82e90000 - 0x00007ffe82e98000 	C:\Windows\System32\NSI.dll
0x00007ffe809c0000 - 0x00007ffe809f9000 	C:\Windows\SYSTEM32\IPHLPAPI.DLL
0x00007ffe69020000 - 0x00007ffe6902e000 	C:\Windows\System32\winrnr.dll
0x00007ffe77f10000 - 0x00007ffe77f80000 	C:\Windows\System32\fwpuclnt.dll
0x00007ffe80f40000 - 0x00007ffe80f65000 	C:\Windows\SYSTEM32\bcrypt.dll
0x00007ffe77db0000 - 0x00007ffe77dba000 	C:\Windows\System32\rasadhlp.dll
0x000000006b980000 - 0x000000006b98d000 	E:\java1.8\bin\management.dll
0x000000006aa50000 - 0x000000006aa6a000 	E:\java1.8\bin\net.dll
0x000000006aa30000 - 0x000000006aa41000 	E:\java1.8\bin\nio.dll
0x00007ffe80e30000 - 0x00007ffe80e47000 	C:\Windows\SYSTEM32\CRYPTSP.dll
0x00007ffe80830000 - 0x00007ffe80863000 	C:\Windows\system32\rsaenh.dll
0x00007ffe81370000 - 0x00007ffe81399000 	C:\Windows\SYSTEM32\USERENV.dll
0x00007ffe80e50000 - 0x00007ffe80e5b000 	C:\Windows\SYSTEM32\CRYPTBASE.dll
0x00007ffe7c8f0000 - 0x00007ffe7c906000 	C:\Windows\SYSTEM32\dhcpcsvc6.DLL
0x00007ffe7c6e0000 - 0x00007ffe7c6fa000 	C:\Windows\SYSTEM32\dhcpcsvc.DLL

VM Arguments:
jvm_args: -agentlib:jdwp=transport=dt_socket,suspend=y,address=localhost:55053 -Dcom.sun.management.jmxremote -Dcom.sun.management.jmxremote.port=10871 -Dcom.sun.management.jmxremote.authenticate=false -Dcom.sun.management.jmxremote.ssl=false -Dspring.liveBeansView.mbeanDomain -Dspring.application.admin.enabled=true -Dfile.encoding=UTF-8 
java_command: com.beifen.edu.administration.EduApplication
java_class_path (initial): D:\beifeneduSource\beifenedu\edu\target\classes;D:\beifeneduSource\beifenedu\edu\src\main\resources\static\editor\jsp\lib\commons-fileupload-1.2.1.jar;D:\beifeneduSource\beifenedu\edu\src\main\resources\static\editor\jsp\lib\json_simple-1.1.jar;D:\beifeneduSource\beifenedu\edu\src\main\resources\static\editor\jsp\lib\commons-io-1.4.jar;D:\repository\org\springframework\boot\spring-boot-starter-data-jpa\1.5.21.RELEASE\spring-boot-starter-data-jpa-1.5.21.RELEASE.jar;D:\repository\org\springframework\boot\spring-boot-starter\1.5.21.RELEASE\spring-boot-starter-1.5.21.RELEASE.jar;D:\repository\org\springframework\boot\spring-boot\1.5.21.RELEASE\spring-boot-1.5.21.RELEASE.jar;D:\repository\org\springframework\boot\spring-boot-autoconfigure\1.5.21.RELEASE\spring-boot-autoconfigure-1.5.21.RELEASE.jar;D:\repository\org\springframework\boot\spring-boot-starter-logging\1.5.21.RELEASE\spring-boot-starter-logging-1.5.21.RELEASE.jar;D:\repository\ch\qos\logback\logback-classic\1.1.11\logback-classic-1.1.11.jar;D:\repository\ch\qos\logback\logback-core\1.1.11\logback-core-1.1.11.jar;D:\repository\org\slf4j\jul-to-slf4j\1.7.26\jul-to-slf4j-1.7.26.jar;D:\repository\org\slf4j\log4j-over-slf4j\1.7.26\log4j-over-slf4j-1.7.26.jar;D:\repository\org\yaml\snakeyaml\1.17\snakeyaml-1.17.jar;D:\repository\org\springframework\boot\spring-boot-starter-aop\1.5.21.RELEASE\spring-boot-starter-aop-1.5.21.RELEASE.jar;D:\repository\org\springframework\spring-aop\4.3.24.RELEASE\spring-aop-4.3.24.RELEASE.jar;D:\repository\org\aspectj\aspectjweaver\1.8.14\aspectjweaver-1.8.14.jar;D:\repository\org\hibernate\hibernate-core\5.0.12.Final\hibernate-core-5.0.12.Final.jar;D:\repository\org\jboss\logging\jboss-logging\3.3.2.Final\jboss-logging-3.3.2.Final.jar;D:\repository\org\hibernate\javax\persistence\hibernate-jpa-2.1-api\1.0.0.Final\hibernate-jpa-2.1-api-1.0.0.Final.jar;D:\repository\org\javassist\javassist\3.21.0-GA\javassist-3.21.0-GA.jar;D:\repository\antlr\antlr\2.7.7\antl
Launcher Type: SUN_STANDARD

Environment Variables:
JAVA_HOME=E:\java1.8
CLASSPATH=.\;E:\java1.8\lib\dt.jar;\E:\java1.8\lib\tools.jar;E:\java1.8\bin;
PATH=E:/java1.8/bin/server;E:/java1.8/bin;E:/java1.8/lib/amd64;E:\oracle11g\product\11.2.0\dbhome_1\bin;C:\Windows\system32;C:\Windows;C:\Windows\System32\Wbem;C:\Windows\System32\WindowsPowerShell\v1.0\;E:\java1.8\bin;E:\maven\apache-maven-3.6.1\bin;E:\git\Git\cmd;C:\Users\Administrator\AppData\Local\Microsoft\WindowsApps;;E:\stsZIP\sts-bundle\sts-3.7.0.RELEASE;
USERNAME=Administrator
OS=Windows_NT
PROCESSOR_IDENTIFIER=Intel64 Family 6 Model 158 Stepping 9, GenuineIntel



---------------  S Y S T E M  ---------------

OS: Windows 10.0 , 64 bit Build 16299 (10.0.16299.1146)

CPU:total 4 (initial active 4) (4 cores per cpu, 1 threads per core) family 6 model 158 stepping 9, cmov, cx8, fxsr, mmx, sse, sse2, sse3, ssse3, sse4.1, sse4.2, popcnt, avx, avx2, aes, clmul, erms, rtm, 3dnowpref, lzcnt, tsc, tscinvbit, bmi1, bmi2, adx

Memory: 4k page, physical 8273876k(1295432k free), swap 15962020k(1981788k free)

vm_info: Java HotSpot(TM) 64-Bit Server VM (25.181-b13) for windows-amd64 JRE (1.8.0_181-b13), built on Jul  7 2018 04:01:33 by "java_re" with MS VC++ 10.0 (VS2010)

time: Thu Apr 23 10:41:16 2020
elapsed time: 268 seconds (0d 0h 4m 28s)

